Type of training data X is class breeze.linalg.DenseMatrix$mcD$sp, 5000 x 400
Type of training data Y is class breeze.linalg.DenseMatrix$mcI$sp, 5000 x 1
Nov 14, 2016 12:09:27 PM com.github.fommil.netlib.BLAS <clinit>
WARNING: Failed to load implementation from: com.github.fommil.netlib.NativeSystemBLAS
Nov 14, 2016 12:09:28 PM com.github.fommil.jni.JniLoader liberalLoad
INFO: successfully loaded C:\Users\wynmo2\AppData\Local\Temp\jniloader2329479626311058065netlib-native_ref-win-x86_64.dll
Cost is 15.132304002081014
Cost is 6.6276843736770985
[main] INFO breeze.optimize.LBFGS - Step Size: 0.09241
[main] INFO breeze.optimize.LBFGS - Val and Grad Norm: 6.62768 (rel: 0.562) 5.80550
Cost is 3.3192156557498897
[main] INFO breeze.optimize.LBFGS - Step Size: 1.000
[main] INFO breeze.optimize.LBFGS - Val and Grad Norm: 3.31922 (rel: 0.499) 0.575909
Cost is 3.267619924292403
[main] INFO breeze.optimize.LBFGS - Step Size: 1.000
[main] INFO breeze.optimize.LBFGS - Val and Grad Norm: 3.26762 (rel: 0.0155) 0.241836
Cost is 3.2550357761663458
[main] INFO breeze.optimize.LBFGS - Step Size: 1.000
[main] INFO breeze.optimize.LBFGS - Val and Grad Norm: 3.25504 (rel: 0.00385) 0.0351825
Cost is 3.2546778278868014
[main] INFO breeze.optimize.LBFGS - Step Size: 1.000
[main] INFO breeze.optimize.LBFGS - Val and Grad Norm: 3.25468 (rel: 0.000110) 0.0145735
Cost is 3.2545413623956065
[main] INFO breeze.optimize.LBFGS - Step Size: 1.000
[main] INFO breeze.optimize.LBFGS - Val and Grad Norm: 3.25454 (rel: 4.19e-05) 0.0162712
Cost is 3.253882807503432
[main] INFO breeze.optimize.LBFGS - Step Size: 1.000
[main] INFO breeze.optimize.LBFGS - Val and Grad Norm: 3.25388 (rel: 0.000202) 0.0369605
Cost is 3.252502514451037
[main] INFO breeze.optimize.LBFGS - Step Size: 1.000
[main] INFO breeze.optimize.LBFGS - Val and Grad Norm: 3.25250 (rel: 0.000424) 0.0687131
Cost is 3.248630988146421
[main] INFO breeze.optimize.LBFGS - Step Size: 1.000
[main] INFO breeze.optimize.LBFGS - Val and Grad Norm: 3.24863 (rel: 0.00119) 0.121760
Cost is 3.2351063250788257
Cost is 3.2271672028749414
Cost is 3.2121518669281404
Cost is 3.182564730387976
Cost is 3.1307276120365155
Cost is 3.06215180835689
Cost is 3.029459946848404
[main] INFO breeze.optimize.LBFGS - Step Size: 11.39
[main] INFO breeze.optimize.LBFGS - Val and Grad Norm: 3.02946 (rel: 0.0675) 0.657338
Cost is 2.9109758838605924
[main] INFO breeze.optimize.LBFGS - Step Size: 1.000
[main] INFO breeze.optimize.LBFGS - Val and Grad Norm: 2.91098 (rel: 0.0391) 0.558921
Cost is 7.847025048249784
Cost is 2.8289509816062566
[main] INFO breeze.optimize.StrongWolfeLineSearch - Line search t: 0.11035265679632589 fval: 2.8289509816062566 rhs: 2.9109621605214286 cdd: -0.23686933489165177
[main] INFO breeze.optimize.LBFGS - Step Size: 0.1104
[main] INFO breeze.optimize.LBFGS - Val and Grad Norm: 2.82895 (rel: 0.0282) 0.326536
Cost is 2.862938334305454
Cost is 2.698705240888011
[main] INFO breeze.optimize.StrongWolfeLineSearch - Line search t: 0.48940834800806887 fval: 2.698705240888011 rhs: 2.8289272243726256 cdd: 0.001078073130480091
[main] INFO breeze.optimize.LBFGS - Step Size: 0.4894
[main] INFO breeze.optimize.LBFGS - Val and Grad Norm: 2.69871 (rel: 0.0460) 0.354885
Cost is 2.644330101920413
[main] INFO breeze.optimize.LBFGS - Step Size: 1.000
[main] INFO breeze.optimize.LBFGS - Val and Grad Norm: 2.64433 (rel: 0.0201) 0.303850
Cost is 2.5290067035968944
[main] INFO breeze.optimize.LBFGS - Step Size: 1.000
[main] INFO breeze.optimize.LBFGS - Val and Grad Norm: 2.52901 (rel: 0.0436) 0.265107
Cost is 2.3855425961429373
[main] INFO breeze.optimize.LBFGS - Step Size: 1.000
[main] INFO breeze.optimize.LBFGS - Val and Grad Norm: 2.38554 (rel: 0.0567) 0.318921
Cost is 2.306784389494163
[main] INFO breeze.optimize.LBFGS - Step Size: 1.000
[main] INFO breeze.optimize.LBFGS - Val and Grad Norm: 2.30678 (rel: 0.0330) 0.499649
Cost is 2.218365205467462
[main] INFO breeze.optimize.LBFGS - Step Size: 1.000
[main] INFO breeze.optimize.LBFGS - Val and Grad Norm: 2.21837 (rel: 0.0383) 0.232858
Cost is 2.1701840482941495
[main] INFO breeze.optimize.LBFGS - Step Size: 1.000
[main] INFO breeze.optimize.LBFGS - Val and Grad Norm: 2.17018 (rel: 0.0217) 0.208387
Cost is 2.130117883846313
[main] INFO breeze.optimize.LBFGS - Step Size: 1.000
[main] INFO breeze.optimize.LBFGS - Val and Grad Norm: 2.13012 (rel: 0.0185) 0.219941
Cost is 2.090238215155024
[main] INFO breeze.optimize.LBFGS - Step Size: 1.000
[main] INFO breeze.optimize.LBFGS - Val and Grad Norm: 2.09024 (rel: 0.0187) 0.353270
Cost is 2.0299393289414183
[main] INFO breeze.optimize.LBFGS - Step Size: 1.000
[main] INFO breeze.optimize.LBFGS - Val and Grad Norm: 2.02994 (rel: 0.0288) 0.285954
Cost is 1.992908098370518
[main] INFO breeze.optimize.LBFGS - Step Size: 1.000
[main] INFO breeze.optimize.LBFGS - Val and Grad Norm: 1.99291 (rel: 0.0182) 0.168720
Cost is 1.9271512487198135
[main] INFO breeze.optimize.LBFGS - Step Size: 1.000
[main] INFO breeze.optimize.LBFGS - Val and Grad Norm: 1.92715 (rel: 0.0330) 0.166116
Cost is 1.8439677352776367
[main] INFO breeze.optimize.LBFGS - Step Size: 1.000
[main] INFO breeze.optimize.LBFGS - Val and Grad Norm: 1.84397 (rel: 0.0432) 0.251250
Cost is 1.7444427262161344
[main] INFO breeze.optimize.LBFGS - Step Size: 1.000
[main] INFO breeze.optimize.LBFGS - Val and Grad Norm: 1.74444 (rel: 0.0540) 0.427485
Cost is 1.6388805095565013
[main] INFO breeze.optimize.LBFGS - Step Size: 1.000
[main] INFO breeze.optimize.LBFGS - Val and Grad Norm: 1.63888 (rel: 0.0605) 0.269648
Cost is 1.5787156107680411
[main] INFO breeze.optimize.LBFGS - Step Size: 1.000
[main] INFO breeze.optimize.LBFGS - Val and Grad Norm: 1.57872 (rel: 0.0367) 0.185555
Cost is 1.512677627563238
[main] INFO breeze.optimize.LBFGS - Step Size: 1.000
[main] INFO breeze.optimize.LBFGS - Val and Grad Norm: 1.51268 (rel: 0.0418) 0.172428
Cost is 1.4465859429621717
[main] INFO breeze.optimize.LBFGS - Step Size: 1.000
[main] INFO breeze.optimize.LBFGS - Val and Grad Norm: 1.44659 (rel: 0.0437) 0.206623
Cost is 1.3600667912849527
[main] INFO breeze.optimize.LBFGS - Step Size: 1.000
[main] INFO breeze.optimize.LBFGS - Val and Grad Norm: 1.36007 (rel: 0.0598) 0.231676
Cost is 1.2961216865819956
[main] INFO breeze.optimize.LBFGS - Step Size: 1.000
[main] INFO breeze.optimize.LBFGS - Val and Grad Norm: 1.29612 (rel: 0.0470) 0.240062
Cost is 1.234314740779111
[main] INFO breeze.optimize.LBFGS - Step Size: 1.000
[main] INFO breeze.optimize.LBFGS - Val and Grad Norm: 1.23431 (rel: 0.0477) 0.138966
Cost is 1.1890022483515699
[main] INFO breeze.optimize.LBFGS - Step Size: 1.000
[main] INFO breeze.optimize.LBFGS - Val and Grad Norm: 1.18900 (rel: 0.0367) 0.139406
Cost is 1.1261897762697684
[main] INFO breeze.optimize.LBFGS - Step Size: 1.000
[main] INFO breeze.optimize.LBFGS - Val and Grad Norm: 1.12619 (rel: 0.0528) 0.207280
Cost is 1.0664871475525828
[main] INFO breeze.optimize.LBFGS - Step Size: 1.000
[main] INFO breeze.optimize.LBFGS - Val and Grad Norm: 1.06649 (rel: 0.0530) 0.238167
Cost is 1.0239616520836037
[main] INFO breeze.optimize.LBFGS - Step Size: 1.000
[main] INFO breeze.optimize.LBFGS - Val and Grad Norm: 1.02396 (rel: 0.0399) 0.111857
Cost is 0.9969922334624162
[main] INFO breeze.optimize.LBFGS - Step Size: 1.000
[main] INFO breeze.optimize.LBFGS - Val and Grad Norm: 0.996992 (rel: 0.0263) 0.0960904
Cost is 0.9640976936409503
[main] INFO breeze.optimize.LBFGS - Step Size: 1.000
[main] INFO breeze.optimize.LBFGS - Val and Grad Norm: 0.964098 (rel: 0.0330) 0.110062
Cost is 0.9252456288951599
[main] INFO breeze.optimize.LBFGS - Step Size: 1.000
[main] INFO breeze.optimize.LBFGS - Val and Grad Norm: 0.925246 (rel: 0.0403) 0.196221
Cost is 0.8870718890655195
[main] INFO breeze.optimize.LBFGS - Step Size: 1.000
[main] INFO breeze.optimize.LBFGS - Val and Grad Norm: 0.887072 (rel: 0.0413) 0.104075
Cost is 0.8610392814464789
[main] INFO breeze.optimize.LBFGS - Step Size: 1.000
[main] INFO breeze.optimize.LBFGS - Val and Grad Norm: 0.861039 (rel: 0.0293) 0.0792067
Cost is 0.8265818461052987
[main] INFO breeze.optimize.LBFGS - Step Size: 1.000
[main] INFO breeze.optimize.LBFGS - Val and Grad Norm: 0.826582 (rel: 0.0400) 0.0983866
Cost is 0.7994477832423341
[main] INFO breeze.optimize.LBFGS - Step Size: 1.000
[main] INFO breeze.optimize.LBFGS - Val and Grad Norm: 0.799448 (rel: 0.0328) 0.127060
Cost is 0.7689561562913948
[main] INFO breeze.optimize.LBFGS - Step Size: 1.000
[main] INFO breeze.optimize.LBFGS - Val and Grad Norm: 0.768956 (rel: 0.0381) 0.0988367
Cost is 0.7493708952638646
[main] INFO breeze.optimize.LBFGS - Step Size: 1.000
[main] INFO breeze.optimize.LBFGS - Val and Grad Norm: 0.749371 (rel: 0.0255) 0.0596833
Cost is 0.7306862708142532
[main] INFO breeze.optimize.LBFGS - Step Size: 1.000
[main] INFO breeze.optimize.LBFGS - Val and Grad Norm: 0.730686 (rel: 0.0249) 0.0625674
Cost is 0.7095568669350378
[main] INFO breeze.optimize.LBFGS - Step Size: 1.000
[main] INFO breeze.optimize.LBFGS - Val and Grad Norm: 0.709557 (rel: 0.0289) 0.0702624
Cost is 0.6922385157862199
[main] INFO breeze.optimize.LBFGS - Step Size: 1.000
[main] INFO breeze.optimize.LBFGS - Val and Grad Norm: 0.692239 (rel: 0.0244) 0.0945642
Cost is 0.6748804353770703
[main] INFO breeze.optimize.LBFGS - Step Size: 1.000
[main] INFO breeze.optimize.LBFGS - Val and Grad Norm: 0.674880 (rel: 0.0251) 0.0599557
Cost is 0.647575022294718
[main] INFO breeze.optimize.LBFGS - Step Size: 1.000
[main] INFO breeze.optimize.LBFGS - Val and Grad Norm: 0.647575 (rel: 0.0405) 0.0556958
Cost is 0.6324203417218576
[main] INFO breeze.optimize.LBFGS - Step Size: 1.000
[main] INFO breeze.optimize.LBFGS - Val and Grad Norm: 0.632420 (rel: 0.0234) 0.0697531
Cost is 0.6193165397392005
[main] INFO breeze.optimize.LBFGS - Step Size: 1.000
[main] INFO breeze.optimize.LBFGS - Val and Grad Norm: 0.619317 (rel: 0.0207) 0.0897270
Cost is 0.6064353713784628
[main] INFO breeze.optimize.LBFGS - Step Size: 1.000
[main] INFO breeze.optimize.LBFGS - Val and Grad Norm: 0.606435 (rel: 0.0208) 0.0530714
Cost is 0.5989685755138445
[main] INFO breeze.optimize.LBFGS - Step Size: 1.000
[main] INFO breeze.optimize.LBFGS - Val and Grad Norm: 0.598969 (rel: 0.0123) 0.0460104
Cost is 0.584344440424876
[main] INFO breeze.optimize.LBFGS - Step Size: 1.000
[main] INFO breeze.optimize.LBFGS - Val and Grad Norm: 0.584344 (rel: 0.0244) 0.0500147
Cost is 0.5784511748389684
[main] INFO breeze.optimize.LBFGS - Step Size: 1.000
[main] INFO breeze.optimize.LBFGS - Val and Grad Norm: 0.578451 (rel: 0.0101) 0.125827
Cost is 0.5587887099062788
[main] INFO breeze.optimize.LBFGS - Step Size: 1.000
[main] INFO breeze.optimize.LBFGS - Val and Grad Norm: 0.558789 (rel: 0.0340) 0.0512188
Cost is 0.548757383473731
[main] INFO breeze.optimize.LBFGS - Step Size: 1.000
[main] INFO breeze.optimize.LBFGS - Val and Grad Norm: 0.548757 (rel: 0.0180) 0.0390860
Cost is 0.5383496883693334
[main] INFO breeze.optimize.LBFGS - Step Size: 1.000
[main] INFO breeze.optimize.LBFGS - Val and Grad Norm: 0.538350 (rel: 0.0190) 0.0500546
Cost is 0.5288463700321611
[main] INFO breeze.optimize.LBFGS - Step Size: 1.000
[main] INFO breeze.optimize.LBFGS - Val and Grad Norm: 0.528846 (rel: 0.0177) 0.0918231
Cost is 0.5168648621375773
[main] INFO breeze.optimize.LBFGS - Step Size: 1.000
[main] INFO breeze.optimize.LBFGS - Val and Grad Norm: 0.516865 (rel: 0.0227) 0.0456258
Cost is 0.5105297084631508
[main] INFO breeze.optimize.LBFGS - Step Size: 1.000
[main] INFO breeze.optimize.LBFGS - Val and Grad Norm: 0.510530 (rel: 0.0123) 0.0348067
Cost is 0.5050376612202264
[main] INFO breeze.optimize.LBFGS - Step Size: 1.000
[main] INFO breeze.optimize.LBFGS - Val and Grad Norm: 0.505038 (rel: 0.0108) 0.0364133
Cost is 0.4966344313972236
[main] INFO breeze.optimize.LBFGS - Step Size: 1.000
[main] INFO breeze.optimize.LBFGS - Val and Grad Norm: 0.496634 (rel: 0.0166) 0.116327
Cost is 0.48235545638838717
[main] INFO breeze.optimize.LBFGS - Step Size: 1.000
[main] INFO breeze.optimize.LBFGS - Val and Grad Norm: 0.482355 (rel: 0.0288) 0.0395652
Cost is 0.4778564134998608
[main] INFO breeze.optimize.LBFGS - Step Size: 1.000
[main] INFO breeze.optimize.LBFGS - Val and Grad Norm: 0.477856 (rel: 0.00933) 0.0346175
Cost is 0.4652942878884186
[main] INFO breeze.optimize.LBFGS - Step Size: 1.000
[main] INFO breeze.optimize.LBFGS - Val and Grad Norm: 0.465294 (rel: 0.0263) 0.0414956
Cost is 0.4602274379007808
[main] INFO breeze.optimize.LBFGS - Step Size: 1.000
[main] INFO breeze.optimize.LBFGS - Val and Grad Norm: 0.460227 (rel: 0.0109) 0.0896662
Cost is 0.45158629973130165
[main] INFO breeze.optimize.LBFGS - Step Size: 1.000
[main] INFO breeze.optimize.LBFGS - Val and Grad Norm: 0.451586 (rel: 0.0188) 0.0376645
Cost is 0.4478504625502617
[main] INFO breeze.optimize.LBFGS - Step Size: 1.000
[main] INFO breeze.optimize.LBFGS - Val and Grad Norm: 0.447850 (rel: 0.00827) 0.0290728
Cost is 0.4423994766684877
[main] INFO breeze.optimize.LBFGS - Step Size: 1.000
[main] INFO breeze.optimize.LBFGS - Val and Grad Norm: 0.442399 (rel: 0.0122) 0.0363676
Cost is 0.4324121266812056
[main] INFO breeze.optimize.LBFGS - Step Size: 1.000
[main] INFO breeze.optimize.LBFGS - Val and Grad Norm: 0.432412 (rel: 0.0226) 0.0488535
Cost is 0.4313595312257317
Cost is 0.4259686594950317
[main] INFO breeze.optimize.StrongWolfeLineSearch - Line search t: 0.5252857089477236 fval: 0.4259686594950317 rhs: 0.43241084655658785 cdd: 4.097863318845796E-6
[main] INFO breeze.optimize.LBFGS - Step Size: 0.5253
[main] INFO breeze.optimize.LBFGS - Val and Grad Norm: 0.425969 (rel: 0.0149) 0.0654418
Cost is 0.41694125547639765
[main] INFO breeze.optimize.LBFGS - Step Size: 1.000
[main] INFO breeze.optimize.LBFGS - Val and Grad Norm: 0.416941 (rel: 0.0212) 0.0355622
Cost is 0.411501449523376
[main] INFO breeze.optimize.LBFGS - Step Size: 1.000
[main] INFO breeze.optimize.LBFGS - Val and Grad Norm: 0.411501 (rel: 0.0130) 0.0271093
Cost is 0.4073376489071667
[main] INFO breeze.optimize.LBFGS - Step Size: 1.000
[main] INFO breeze.optimize.LBFGS - Val and Grad Norm: 0.407338 (rel: 0.0101) 0.0437338
Cost is 0.4024119424977808
[main] INFO breeze.optimize.LBFGS - Step Size: 1.000
[main] INFO breeze.optimize.LBFGS - Val and Grad Norm: 0.402412 (rel: 0.0121) 0.0366046
Cost is 0.39278176635683376
[main] INFO breeze.optimize.LBFGS - Step Size: 1.000
[main] INFO breeze.optimize.LBFGS - Val and Grad Norm: 0.392782 (rel: 0.0239) 0.0366473
Cost is 0.3870651592496071
[main] INFO breeze.optimize.LBFGS - Step Size: 1.000
[main] INFO breeze.optimize.LBFGS - Val and Grad Norm: 0.387065 (rel: 0.0146) 0.0606760
Cost is 0.38038157281688384
[main] INFO breeze.optimize.LBFGS - Step Size: 1.000
[main] INFO breeze.optimize.LBFGS - Val and Grad Norm: 0.380382 (rel: 0.0173) 0.0327411
Cost is 0.3743724556901533
[main] INFO breeze.optimize.LBFGS - Step Size: 1.000
[main] INFO breeze.optimize.LBFGS - Val and Grad Norm: 0.374372 (rel: 0.0158) 0.0270161
Cost is 0.3695847950626187
[main] INFO breeze.optimize.LBFGS - Step Size: 1.000
[main] INFO breeze.optimize.LBFGS - Val and Grad Norm: 0.369585 (rel: 0.0128) 0.0330950
Cost is 0.3643853855463039
[main] INFO breeze.optimize.LBFGS - Step Size: 1.000
[main] INFO breeze.optimize.LBFGS - Val and Grad Norm: 0.364385 (rel: 0.0141) 0.0552143
Cost is 0.3585578487428312
[main] INFO breeze.optimize.LBFGS - Step Size: 1.000
[main] INFO breeze.optimize.LBFGS - Val and Grad Norm: 0.358558 (rel: 0.0160) 0.0378069
Cost is 0.35462114517282706
[main] INFO breeze.optimize.LBFGS - Step Size: 1.000
[main] INFO breeze.optimize.LBFGS - Val and Grad Norm: 0.354621 (rel: 0.0110) 0.0297033
Cost is 0.3483492388548409
[main] INFO breeze.optimize.LBFGS - Step Size: 1.000
[main] INFO breeze.optimize.LBFGS - Val and Grad Norm: 0.348349 (rel: 0.0177) 0.0296090
Cost is 0.3447030261863931
[main] INFO breeze.optimize.LBFGS - Step Size: 1.000
[main] INFO breeze.optimize.LBFGS - Val and Grad Norm: 0.344703 (rel: 0.0105) 0.0603754
Cost is 0.33953488501133255
[main] INFO breeze.optimize.LBFGS - Step Size: 1.000
[main] INFO breeze.optimize.LBFGS - Val and Grad Norm: 0.339535 (rel: 0.0150) 0.0282482
Cost is 0.3359654922224824
[main] INFO breeze.optimize.LBFGS - Step Size: 1.000
[main] INFO breeze.optimize.LBFGS - Val and Grad Norm: 0.335965 (rel: 0.0105) 0.0213555
Cost is 0.33338067118240367
[main] INFO breeze.optimize.LBFGS - Step Size: 1.000
[main] INFO breeze.optimize.LBFGS - Val and Grad Norm: 0.333381 (rel: 0.00769) 0.0239904
Cost is 0.32829480346064327
[main] INFO breeze.optimize.LBFGS - Step Size: 1.000
[main] INFO breeze.optimize.LBFGS - Val and Grad Norm: 0.328295 (rel: 0.0153) 0.0465714
Cost is 0.32475262243993946
[main] INFO breeze.optimize.LBFGS - Step Size: 1.000
[main] INFO breeze.optimize.LBFGS - Val and Grad Norm: 0.324753 (rel: 0.0108) 0.0449688
Cost is 0.32187011519266295
[main] INFO breeze.optimize.LBFGS - Step Size: 1.000
[main] INFO breeze.optimize.LBFGS - Val and Grad Norm: 0.321870 (rel: 0.00888) 0.0202160
Cost is 0.31971796010392034
[main] INFO breeze.optimize.LBFGS - Step Size: 1.000
[main] INFO breeze.optimize.LBFGS - Val and Grad Norm: 0.319718 (rel: 0.00669) 0.0203530
Cost is 0.317007133330679
[main] INFO breeze.optimize.LBFGS - Step Size: 1.000
[main] INFO breeze.optimize.LBFGS - Val and Grad Norm: 0.317007 (rel: 0.00848) 0.0254413
Cost is 0.311524625953196
[main] INFO breeze.optimize.LBFGS - Step Size: 1.000
[main] INFO breeze.optimize.LBFGS - Val and Grad Norm: 0.311525 (rel: 0.0173) 0.0479432
Cost is 0.306871320920074
[main] INFO breeze.optimize.LBFGS - Step Size: 1.000
[main] INFO breeze.optimize.LBFGS - Val and Grad Norm: 0.306871 (rel: 0.0149) 0.0364346
Cost is 0.3035237837133134
[main] INFO breeze.optimize.LBFGS - Step Size: 1.000
[main] INFO breeze.optimize.LBFGS - Val and Grad Norm: 0.303524 (rel: 0.0109) 0.0188254
Cost is 0.30044839445612337
[main] INFO breeze.optimize.LBFGS - Step Size: 1.000
[main] INFO breeze.optimize.LBFGS - Val and Grad Norm: 0.300448 (rel: 0.0101) 0.0218089
Cost is 0.2968363343737223
[main] INFO breeze.optimize.LBFGS - Step Size: 1.000
[main] INFO breeze.optimize.LBFGS - Val and Grad Norm: 0.296836 (rel: 0.0120) 0.0242807
Cost is 0.2978908094858182
Cost is 0.29290969925729116
[main] INFO breeze.optimize.StrongWolfeLineSearch - Line search t: 0.46830842458625555 fval: 0.29290969925729116 rhs: 0.296835546572032 cdd: -4.5489900431133664E-6
[main] INFO breeze.optimize.LBFGS - Step Size: 0.4683
[main] INFO breeze.optimize.LBFGS - Val and Grad Norm: 0.292910 (rel: 0.0132) 0.0541264
Cost is 0.28739536070378446
[main] INFO breeze.optimize.LBFGS - Step Size: 1.000
[main] INFO breeze.optimize.LBFGS - Val and Grad Norm: 0.287395 (rel: 0.0188) 0.0238346
Cost is 0.28527378696642575
[main] INFO breeze.optimize.LBFGS - Step Size: 1.000
[main] INFO breeze.optimize.LBFGS - Val and Grad Norm: 0.285274 (rel: 0.00738) 0.0160517
Cost is 0.2826942221239487
[main] INFO breeze.optimize.LBFGS - Step Size: 1.000
[main] INFO breeze.optimize.LBFGS - Val and Grad Norm: 0.282694 (rel: 0.00904) 0.0208687
Cost is 0.279192397973308
[main] INFO breeze.optimize.LBFGS - Step Size: 1.000
[main] INFO breeze.optimize.LBFGS - Val and Grad Norm: 0.279192 (rel: 0.0124) 0.0281227
Cost is 0.27345367797163617
[main] INFO breeze.optimize.LBFGS - Step Size: 1.000
[main] INFO breeze.optimize.LBFGS - Val and Grad Norm: 0.273454 (rel: 0.0206) 0.0400211
Cost is 0.26859434043670455
[main] INFO breeze.optimize.LBFGS - Step Size: 1.000
[main] INFO breeze.optimize.LBFGS - Val and Grad Norm: 0.268594 (rel: 0.0178) 0.0305947
Cost is 0.2649148517037995
[main] INFO breeze.optimize.LBFGS - Step Size: 1.000
[main] INFO breeze.optimize.LBFGS - Val and Grad Norm: 0.264915 (rel: 0.0137) 0.0214312
Cost is 0.2624603939827058
[main] INFO breeze.optimize.LBFGS - Step Size: 1.000
[main] INFO breeze.optimize.LBFGS - Val and Grad Norm: 0.262460 (rel: 0.00927) 0.0194129
Cost is 0.25992747742731037
[main] INFO breeze.optimize.LBFGS - Step Size: 1.000
[main] INFO breeze.optimize.LBFGS - Val and Grad Norm: 0.259927 (rel: 0.00965) 0.0204752
Cost is 0.25542882848275117
[main] INFO breeze.optimize.LBFGS - Step Size: 1.000
[main] INFO breeze.optimize.LBFGS - Val and Grad Norm: 0.255429 (rel: 0.0173) 0.0206889
Cost is 0.2526854341703752
[main] INFO breeze.optimize.LBFGS - Step Size: 1.000
[main] INFO breeze.optimize.LBFGS - Val and Grad Norm: 0.252685 (rel: 0.0107) 0.0481060
Cost is 0.24791566697084336
[main] INFO breeze.optimize.LBFGS - Step Size: 1.000
[main] INFO breeze.optimize.LBFGS - Val and Grad Norm: 0.247916 (rel: 0.0189) 0.0202747
Cost is 0.2448573645482196
[main] INFO breeze.optimize.LBFGS - Step Size: 1.000
[main] INFO breeze.optimize.LBFGS - Val and Grad Norm: 0.244857 (rel: 0.0123) 0.0167863
Cost is 0.24156534385431208
[main] INFO breeze.optimize.LBFGS - Step Size: 1.000
[main] INFO breeze.optimize.LBFGS - Val and Grad Norm: 0.241565 (rel: 0.0134) 0.0205319
Cost is 0.24161329201953277
Cost is 0.23941160751217166
[main] INFO breeze.optimize.StrongWolfeLineSearch - Line search t: 0.49798200918724345 fval: 0.23941160751217166 rhs: 0.24156491218246592 cdd: 1.4957074020239197E-6
[main] INFO breeze.optimize.LBFGS - Step Size: 0.4980
[main] INFO breeze.optimize.LBFGS - Val and Grad Norm: 0.239412 (rel: 0.00892) 0.0370364
Cost is 0.23624164764277666
[main] INFO breeze.optimize.LBFGS - Step Size: 1.000
[main] INFO breeze.optimize.LBFGS - Val and Grad Norm: 0.236242 (rel: 0.0132) 0.0224544
Cost is 0.23317310930395957
[main] INFO breeze.optimize.LBFGS - Step Size: 1.000
[main] INFO breeze.optimize.LBFGS - Val and Grad Norm: 0.233173 (rel: 0.0130) 0.0166852
Cost is 0.23009167096909786
[main] INFO breeze.optimize.LBFGS - Step Size: 1.000
[main] INFO breeze.optimize.LBFGS - Val and Grad Norm: 0.230092 (rel: 0.0132) 0.0252464
Cost is 0.22699510121945884
[main] INFO breeze.optimize.LBFGS - Step Size: 1.000
[main] INFO breeze.optimize.LBFGS - Val and Grad Norm: 0.226995 (rel: 0.0135) 0.0205684
Cost is 0.2243448283737499
[main] INFO breeze.optimize.LBFGS - Step Size: 1.000
[main] INFO breeze.optimize.LBFGS - Val and Grad Norm: 0.224345 (rel: 0.0117) 0.0205659
Cost is 0.22183110732822206
[main] INFO breeze.optimize.LBFGS - Step Size: 1.000
[main] INFO breeze.optimize.LBFGS - Val and Grad Norm: 0.221831 (rel: 0.0112) 0.0175324
Cost is 0.2186682826894254
[main] INFO breeze.optimize.LBFGS - Step Size: 1.000
[main] INFO breeze.optimize.LBFGS - Val and Grad Norm: 0.218668 (rel: 0.0143) 0.0194852
Cost is 0.21521436051979448
[main] INFO breeze.optimize.LBFGS - Step Size: 1.000
[main] INFO breeze.optimize.LBFGS - Val and Grad Norm: 0.215214 (rel: 0.0158) 0.0311215
Cost is 0.21189069501247976
[main] INFO breeze.optimize.LBFGS - Step Size: 1.000
[main] INFO breeze.optimize.LBFGS - Val and Grad Norm: 0.211891 (rel: 0.0154) 0.0201566
Cost is 0.20988516652825134
[main] INFO breeze.optimize.LBFGS - Step Size: 1.000
[main] INFO breeze.optimize.LBFGS - Val and Grad Norm: 0.209885 (rel: 0.00946) 0.0172581
Cost is 0.20656259118369294
[main] INFO breeze.optimize.LBFGS - Step Size: 1.000
[main] INFO breeze.optimize.LBFGS - Val and Grad Norm: 0.206563 (rel: 0.0158) 0.0188003
Cost is 0.204173089976472
[main] INFO breeze.optimize.LBFGS - Step Size: 1.000
[main] INFO breeze.optimize.LBFGS - Val and Grad Norm: 0.204173 (rel: 0.0116) 0.0402874
Cost is 0.2008216751640405
[main] INFO breeze.optimize.LBFGS - Step Size: 1.000
[main] INFO breeze.optimize.LBFGS - Val and Grad Norm: 0.200822 (rel: 0.0164) 0.0175765
Cost is 0.199019418429713
[main] INFO breeze.optimize.LBFGS - Step Size: 1.000
[main] INFO breeze.optimize.LBFGS - Val and Grad Norm: 0.199019 (rel: 0.00897) 0.0131816
Cost is 0.1974091559027645
[main] INFO breeze.optimize.LBFGS - Step Size: 1.000
[main] INFO breeze.optimize.LBFGS - Val and Grad Norm: 0.197409 (rel: 0.00809) 0.0144968
Cost is 0.19409730350305468
[main] INFO breeze.optimize.LBFGS - Step Size: 1.000
[main] INFO breeze.optimize.LBFGS - Val and Grad Norm: 0.194097 (rel: 0.0168) 0.0225097
Cost is 0.19300042741962087
[main] INFO breeze.optimize.LBFGS - Step Size: 1.000
[main] INFO breeze.optimize.LBFGS - Val and Grad Norm: 0.193000 (rel: 0.00565) 0.0387319
Cost is 0.19012682497543565
[main] INFO breeze.optimize.LBFGS - Step Size: 1.000
[main] INFO breeze.optimize.LBFGS - Val and Grad Norm: 0.190127 (rel: 0.0149) 0.0140661
Cost is 0.1887018529526885
[main] INFO breeze.optimize.LBFGS - Step Size: 1.000
[main] INFO breeze.optimize.LBFGS - Val and Grad Norm: 0.188702 (rel: 0.00749) 0.0132620
Cost is 0.1867126429313307
[main] INFO breeze.optimize.LBFGS - Step Size: 1.000
[main] INFO breeze.optimize.LBFGS - Val and Grad Norm: 0.186713 (rel: 0.0105) 0.0152577
Cost is 0.18626561248416415
[main] INFO breeze.optimize.LBFGS - Step Size: 1.000
[main] INFO breeze.optimize.LBFGS - Val and Grad Norm: 0.186266 (rel: 0.00239) 0.0516904
Cost is 0.18282987278259646
[main] INFO breeze.optimize.LBFGS - Step Size: 1.000
[main] INFO breeze.optimize.LBFGS - Val and Grad Norm: 0.182830 (rel: 0.0184) 0.0151535
Cost is 0.18187799460768392
[main] INFO breeze.optimize.LBFGS - Step Size: 1.000
[main] INFO breeze.optimize.LBFGS - Val and Grad Norm: 0.181878 (rel: 0.00521) 0.0106106
Cost is 0.18058950619302536
[main] INFO breeze.optimize.LBFGS - Step Size: 1.000
[main] INFO breeze.optimize.LBFGS - Val and Grad Norm: 0.180590 (rel: 0.00708) 0.0123353
Cost is 0.17889789543431678
[main] INFO breeze.optimize.LBFGS - Step Size: 1.000
[main] INFO breeze.optimize.LBFGS - Val and Grad Norm: 0.178898 (rel: 0.00937) 0.0137032
Cost is 0.17972821869403469
Cost is 0.17754703228615232
[main] INFO breeze.optimize.StrongWolfeLineSearch - Line search t: 0.44233209524570394 fval: 0.17754703228615232 rhs: 0.17889762686370397 cdd: -9.171824978244276E-6
[main] INFO breeze.optimize.LBFGS - Step Size: 0.4423
[main] INFO breeze.optimize.LBFGS - Val and Grad Norm: 0.177547 (rel: 0.00755) 0.0266504
Cost is 0.1754095960784054
te[main] INFO breeze.optimize.LBFGS - Step Size: 1.000
[main] INFO breeze.optimize.LBFGS - Val and Grad Norm: 0.175410 (rel: 0.0120) 0.0135191
Cost is 0.17400035156798627
[main] INFO breeze.optimize.LBFGS - Step Size: 1.000
[main] INFO breeze.optimize.LBFGS - Val and Grad Norm: 0.174000 (rel: 0.00803) 0.0125506
Cost is 0.17159810147549642
[main] INFO breeze.optimize.LBFGS - Step Size: 1.000
[main] INFO breeze.optimize.LBFGS - Val and Grad Norm: 0.171598 (rel: 0.0138) 0.0147510
Cost is 0.1721101080705377
Cost is 0.1701903849755033
[main] INFO breeze.optimize.StrongWolfeLineSearch - Line search t: 0.4677362782083645 fval: 0.1701903849755033 rhs: 0.17159782287799966 cdd: -2.086018791328228E-6
[main] INFO breeze.optimize.LBFGS - Step Size: 0.4677
[main] INFO breeze.optimize.LBFGS - Val and Grad Norm: 0.170190 (rel: 0.00820) 0.0297973
Cost is 0.16792455747168672
[main] INFO breeze.optimize.LBFGS - Step Size: 1.000
[main] INFO breeze.optimize.LBFGS - Val and Grad Norm: 0.167925 (rel: 0.0133) 0.0182526
Cost is 0.1659487642949576
[main] INFO breeze.optimize.LBFGS - Step Size: 1.000
[main] INFO breeze.optimize.LBFGS - Val and Grad Norm: 0.165949 (rel: 0.0118) 0.0107512
Cost is 0.1647218524842641
[main] INFO breeze.optimize.LBFGS - Step Size: 1.000
[main] INFO breeze.optimize.LBFGS - Val and Grad Norm: 0.164722 (rel: 0.00739) 0.0132827
Cost is 0.16349444379775518
[main] INFO breeze.optimize.LBFGS - Step Size: 1.000
[main] INFO breeze.optimize.LBFGS - Val and Grad Norm: 0.163494 (rel: 0.00745) 0.0237050
Cost is 0.16219578333759266
[main] INFO breeze.optimize.LBFGS - Step Size: 1.000
[main] INFO breeze.optimize.LBFGS - Val and Grad Norm: 0.162196 (rel: 0.00794) 0.0141056
Cost is 0.16048290949770527
[main] INFO breeze.optimize.LBFGS - Step Size: 1.000
[main] INFO breeze.optimize.LBFGS - Val and Grad Norm: 0.160483 (rel: 0.0106) 0.0119123
Cost is 0.15937934063302855
[main] INFO breeze.optimize.LBFGS - Step Size: 1.000
[main] INFO breeze.optimize.LBFGS - Val and Grad Norm: 0.159379 (rel: 0.00688) 0.0121889
Cost is 0.1584415685952606
[main] INFO breeze.optimize.LBFGS - Step Size: 1.000
[main] INFO breeze.optimize.LBFGS - Val and Grad Norm: 0.158442 (rel: 0.00588) 0.0406772
Cost is 0.15580897740722363
[main] INFO breeze.optimize.LBFGS - Step Size: 1.000
[main] INFO breeze.optimize.LBFGS - Val and Grad Norm: 0.155809 (rel: 0.0166) 0.0132002
Cost is 0.1549830472640528
[main] INFO breeze.optimize.LBFGS - Step Size: 1.000
[main] INFO breeze.optimize.LBFGS - Val and Grad Norm: 0.154983 (rel: 0.00530) 0.00822645
Cost is 0.15419973620688215
[main] INFO breeze.optimize.LBFGS - Step Size: 1.000
[main] INFO breeze.optimize.LBFGS - Val and Grad Norm: 0.154200 (rel: 0.00505) 0.00973172
Cost is 0.15294780518778717
[main] INFO breeze.optimize.LBFGS - Step Size: 1.000
[main] INFO breeze.optimize.LBFGS - Val and Grad Norm: 0.152948 (rel: 0.00812) 0.0140637
Cost is 0.15148592157787352
[main] INFO breeze.optimize.LBFGS - Step Size: 1.000
[main] INFO breeze.optimize.LBFGS - Val and Grad Norm: 0.151486 (rel: 0.00956) 0.0197373
Cost is 0.15007893129511465
[main] INFO breeze.optimize.LBFGS - Step Size: 1.000
[main] INFO breeze.optimize.LBFGS - Val and Grad Norm: 0.150079 (rel: 0.00929) 0.0132854
Cost is 0.14936893309491453
[main] INFO breeze.optimize.LBFGS - Step Size: 1.000
[main] INFO breeze.optimize.LBFGS - Val and Grad Norm: 0.149369 (rel: 0.00473) 0.0104009
Cost is 0.14798980409134646
[main] INFO breeze.optimize.LBFGS - Step Size: 1.000
[main] INFO breeze.optimize.LBFGS - Val and Grad Norm: 0.147990 (rel: 0.00923) 0.00941184
Cost is 0.14691877741377563
[main] INFO breeze.optimize.LBFGS - Step Size: 1.000
[main] INFO breeze.optimize.LBFGS - Val and Grad Norm: 0.146919 (rel: 0.00724) 0.0274284
Cost is 0.14544670882152214
[main] INFO breeze.optimize.LBFGS - Step Size: 1.000
[main] INFO breeze.optimize.LBFGS - Val and Grad Norm: 0.145447 (rel: 0.0100) 0.0155646
Cost is 0.14378424639926518
[main] INFO breeze.optimize.LBFGS - Step Size: 1.000
[main] INFO breeze.optimize.LBFGS - Val and Grad Norm: 0.143784 (rel: 0.0114) 0.00950387
Cost is 0.14300451300106656
[main] INFO breeze.optimize.LBFGS - Step Size: 1.000
[main] INFO breeze.optimize.LBFGS - Val and Grad Norm: 0.143005 (rel: 0.00542) 0.00976164
Cost is 0.14221474492303782
[main] INFO breeze.optimize.LBFGS - Step Size: 1.000
[main] INFO breeze.optimize.LBFGS - Val and Grad Norm: 0.142215 (rel: 0.00552) 0.0292077
Cost is 0.14053961876142781
[main] INFO breeze.optimize.LBFGS - Step Size: 1.000
[main] INFO breeze.optimize.LBFGS - Val and Grad Norm: 0.140540 (rel: 0.0118) 0.0106630
Cost is 0.13978696183788522
[main] INFO breeze.optimize.LBFGS - Step Size: 1.000
[main] INFO breeze.optimize.LBFGS - Val and Grad Norm: 0.139787 (rel: 0.00536) 0.00977434
Cost is 0.13852403588655915
[main] INFO breeze.optimize.LBFGS - Step Size: 1.000
[main] INFO breeze.optimize.LBFGS - Val and Grad Norm: 0.138524 (rel: 0.00903) 0.0119347
Cost is 0.13653164197800394
[main] INFO breeze.optimize.LBFGS - Step Size: 1.000
[main] INFO breeze.optimize.LBFGS - Val and Grad Norm: 0.136532 (rel: 0.0144) 0.0126426
Cost is 0.14183307853006374
Cost is 0.1357567769212399
[main] INFO breeze.optimize.StrongWolfeLineSearch - Line search t: 0.2794387930237502 fval: 0.1357567769212399 rhs: 0.1365314884014041 cdd: 4.275046054777791E-5
[main] INFO breeze.optimize.LBFGS - Step Size: 0.2794
[main] INFO breeze.optimize.LBFGS - Val and Grad Norm: 0.135757 (rel: 0.00568) 0.0203360
Cost is 0.13446664362161181
[main] INFO breeze.optimize.LBFGS - Step Size: 1.000
[main] INFO breeze.optimize.LBFGS - Val and Grad Norm: 0.134467 (rel: 0.00950) 0.0106315
Cost is 0.13365044642658452
[main] INFO breeze.optimize.LBFGS - Step Size: 1.000
[main] INFO breeze.optimize.LBFGS - Val and Grad Norm: 0.133650 (rel: 0.00607) 0.00871801
Cost is 0.13286018739382477
[main] INFO breeze.optimize.LBFGS - Step Size: 1.000
[main] INFO breeze.optimize.LBFGS - Val and Grad Norm: 0.132860 (rel: 0.00591) 0.0101436
Cost is 0.13168301264826662
[main] INFO breeze.optimize.LBFGS - Step Size: 1.000
[main] INFO breeze.optimize.LBFGS - Val and Grad Norm: 0.131683 (rel: 0.00886) 0.0207024
Cost is 0.1300531740392703
[main] INFO breeze.optimize.LBFGS - Step Size: 1.000
[main] INFO breeze.optimize.LBFGS - Val and Grad Norm: 0.130053 (rel: 0.0124) 0.0147631
Cost is 0.12781478459973641
[main] INFO breeze.optimize.LBFGS - Step Size: 1.000
[main] INFO breeze.optimize.LBFGS - Val and Grad Norm: 0.127815 (rel: 0.0172) 0.00977005
Cost is 0.12635682000925888
[main] INFO breeze.optimize.LBFGS - Step Size: 1.000
[main] INFO breeze.optimize.LBFGS - Val and Grad Norm: 0.126357 (rel: 0.0114) 0.0123479
Cost is 0.12525399606764737
[main] INFO breeze.optimize.LBFGS - Step Size: 1.000
[main] INFO breeze.optimize.LBFGS - Val and Grad Norm: 0.125254 (rel: 0.00873) 0.0153577
Cost is 0.12443875835314788
[main] INFO breeze.optimize.LBFGS - Step Size: 1.000
[main] INFO breeze.optimize.LBFGS - Val and Grad Norm: 0.124439 (rel: 0.00651) 0.00969897
Cost is 0.12342495500052299
[main] INFO breeze.optimize.LBFGS - Step Size: 1.000
[main] INFO breeze.optimize.LBFGS - Val and Grad Norm: 0.123425 (rel: 0.00815) 0.00953803
Cost is 0.12247021730817088
[main] INFO breeze.optimize.LBFGS - Step Size: 1.000
[main] INFO breeze.optimize.LBFGS - Val and Grad Norm: 0.122470 (rel: 0.00774) 0.0102496
Cost is 0.12205868105858346
[main] INFO breeze.optimize.LBFGS - Step Size: 1.000
[main] INFO breeze.optimize.LBFGS - Val and Grad Norm: 0.122059 (rel: 0.00336) 0.0312549
Cost is 0.12037680643552728
[main] INFO breeze.optimize.LBFGS - Step Size: 1.000
[main] INFO breeze.optimize.LBFGS - Val and Grad Norm: 0.120377 (rel: 0.0138) 0.0100119
Cost is 0.119741727030815
[main] INFO breeze.optimize.LBFGS - Step Size: 1.000
[main] INFO breeze.optimize.LBFGS - Val and Grad Norm: 0.119742 (rel: 0.00528) 0.00666900
Cost is 0.119121719181017
[main] INFO breeze.optimize.LBFGS - Step Size: 1.000
[main] INFO breeze.optimize.LBFGS - Val and Grad Norm: 0.119122 (rel: 0.00518) 0.00838772
Cost is 0.1179880151766934
[main] INFO breeze.optimize.LBFGS - Step Size: 1.000
[main] INFO breeze.optimize.LBFGS - Val and Grad Norm: 0.117988 (rel: 0.00952) 0.0122406
Cost is 0.11723839273183606
[main] INFO breeze.optimize.LBFGS - Step Size: 1.000
[main] INFO breeze.optimize.LBFGS - Val and Grad Norm: 0.117238 (rel: 0.00635) 0.0198454
Cost is 0.11587572038220839
[main] INFO breeze.optimize.LBFGS - Step Size: 1.000
[main] INFO breeze.optimize.LBFGS - Val and Grad Norm: 0.115876 (rel: 0.0116) 0.00911354
Cost is 0.115325144418661
[main] INFO breeze.optimize.LBFGS - Step Size: 1.000
[main] INFO breeze.optimize.LBFGS - Val and Grad Norm: 0.115325 (rel: 0.00475) 0.00675224
Cost is 0.1143743677478092
[main] INFO breeze.optimize.LBFGS - Step Size: 1.000
[main] INFO breeze.optimize.LBFGS - Val and Grad Norm: 0.114374 (rel: 0.00824) 0.00709306
Cost is 0.11352078380549763
[main] INFO breeze.optimize.LBFGS - Step Size: 1.000
[main] INFO breeze.optimize.LBFGS - Val and Grad Norm: 0.113521 (rel: 0.00746) 0.0209038
Cost is 0.11234794046316084
[main] INFO breeze.optimize.LBFGS - Step Size: 1.000
[main] INFO breeze.optimize.LBFGS - Val and Grad Norm: 0.112348 (rel: 0.0103) 0.00841861
Cost is 0.11175195293564477
[main] INFO breeze.optimize.LBFGS - Step Size: 1.000
[main] INFO breeze.optimize.LBFGS - Val and Grad Norm: 0.111752 (rel: 0.00530) 0.00628828
Cost is 0.11116663694404567
[main] INFO breeze.optimize.LBFGS - Step Size: 1.000
[main] INFO breeze.optimize.LBFGS - Val and Grad Norm: 0.111167 (rel: 0.00524) 0.00740007
Cost is 0.1105666730607674
[main] INFO breeze.optimize.LBFGS - Step Size: 1.000
[main] INFO breeze.optimize.LBFGS - Val and Grad Norm: 0.110567 (rel: 0.00540) 0.0170278
Cost is 0.10970098851763974
[main] INFO breeze.optimize.LBFGS - Step Size: 1.000
[main] INFO breeze.optimize.LBFGS - Val and Grad Norm: 0.109701 (rel: 0.00783) 0.00840449
Cost is 0.10906852309995275
[main] INFO breeze.optimize.LBFGS - Step Size: 1.000
[main] INFO breeze.optimize.LBFGS - Val and Grad Norm: 0.109069 (rel: 0.00577) 0.00667372
Cost is 0.1085518560120631
[main] INFO breeze.optimize.LBFGS - Step Size: 1.000
[main] INFO breeze.optimize.LBFGS - Val and Grad Norm: 0.108552 (rel: 0.00474) 0.00716044
Cost is 0.10752296531836798
[main] INFO breeze.optimize.LBFGS - Step Size: 1.000
[main] INFO breeze.optimize.LBFGS - Val and Grad Norm: 0.107523 (rel: 0.00948) 0.0134474
Cost is 0.10681033708656483
[main] INFO breeze.optimize.LBFGS - Step Size: 1.000
[main] INFO breeze.optimize.LBFGS - Val and Grad Norm: 0.106810 (rel: 0.00663) 0.0150636
Cost is 0.10606354232675093
[main] INFO breeze.optimize.LBFGS - Step Size: 1.000
[main] INFO breeze.optimize.LBFGS - Val and Grad Norm: 0.106064 (rel: 0.00699) 0.00702287
Cost is 0.10547167097183519
[main] INFO breeze.optimize.LBFGS - Step Size: 1.000
[main] INFO breeze.optimize.LBFGS - Val and Grad Norm: 0.105472 (rel: 0.00558) 0.00633318
Cost is 0.10478425277166382
[main] INFO breeze.optimize.LBFGS - Step Size: 1.000
[main] INFO breeze.optimize.LBFGS - Val and Grad Norm: 0.104784 (rel: 0.00652) 0.00758725
Cost is 0.10409599014660455
[main] INFO breeze.optimize.LBFGS - Step Size: 1.000
[main] INFO breeze.optimize.LBFGS - Val and Grad Norm: 0.104096 (rel: 0.00657) 0.0184073
Cost is 0.10313869094983966
[main] INFO breeze.optimize.LBFGS - Step Size: 1.000
[main] INFO breeze.optimize.LBFGS - Val and Grad Norm: 0.103139 (rel: 0.00920) 0.00926297
Cost is 0.1025913727337587
[main] INFO breeze.optimize.LBFGS - Step Size: 1.000
[main] INFO breeze.optimize.LBFGS - Val and Grad Norm: 0.102591 (rel: 0.00531) 0.00710854
Cost is 0.10176545029374179
[main] INFO breeze.optimize.LBFGS - Step Size: 1.000
[main] INFO breeze.optimize.LBFGS - Val and Grad Norm: 0.101765 (rel: 0.00805) 0.00766325
Cost is 0.10094228635979442
[main] INFO breeze.optimize.LBFGS - Step Size: 1.000
[main] INFO breeze.optimize.LBFGS - Val and Grad Norm: 0.100942 (rel: 0.00809) 0.00991217
Cost is 0.09997526698962513
[main] INFO breeze.optimize.LBFGS - Step Size: 1.000
[main] INFO breeze.optimize.LBFGS - Val and Grad Norm: 0.0999753 (rel: 0.00958) 0.00890421
Cost is 0.09913292212553017
[main] INFO breeze.optimize.LBFGS - Step Size: 1.000
[main] INFO breeze.optimize.LBFGS - Val and Grad Norm: 0.0991329 (rel: 0.00843) 0.00671838
Cost is 0.09784992169811017
[main] INFO breeze.optimize.LBFGS - Step Size: 1.000
[main] INFO breeze.optimize.LBFGS - Val and Grad Norm: 0.0978499 (rel: 0.0129) 0.00851857
Cost is 0.09783496640910916
Cost is 0.09735395005215922
[main] INFO breeze.optimize.StrongWolfeLineSearch - Line search t: 0.5056470878080337 fval: 0.09735395005215922 rhs: 0.09784982223540185 cdd: -7.434398388032525E-7
[main] INFO breeze.optimize.LBFGS - Step Size: 0.5056
[main] INFO breeze.optimize.LBFGS - Val and Grad Norm: 0.0973540 (rel: 0.00507) 0.0117288
Cost is 0.09664557635500169
[main] INFO breeze.optimize.LBFGS - Step Size: 1.000
[main] INFO breeze.optimize.LBFGS - Val and Grad Norm: 0.0966456 (rel: 0.00728) 0.00881290
Cost is 0.09526964659420563
[main] INFO breeze.optimize.LBFGS - Step Size: 1.000
[main] INFO breeze.optimize.LBFGS - Val and Grad Norm: 0.0952696 (rel: 0.0142) 0.00673848
Cost is 0.09453925720200042
[main] INFO breeze.optimize.LBFGS - Step Size: 1.000
[main] INFO breeze.optimize.LBFGS - Val and Grad Norm: 0.0945393 (rel: 0.00767) 0.0141070
Cost is 0.09371315499372106
[main] INFO breeze.optimize.LBFGS - Step Size: 1.000
[main] INFO breeze.optimize.LBFGS - Val and Grad Norm: 0.0937132 (rel: 0.00874) 0.00725337
Cost is 0.09312154623084201
[main] INFO breeze.optimize.LBFGS - Step Size: 1.000
[main] INFO breeze.optimize.LBFGS - Val and Grad Norm: 0.0931215 (rel: 0.00631) 0.00583392
Cost is 0.09234744324786293
[main] INFO breeze.optimize.LBFGS - Step Size: 1.000
[main] INFO breeze.optimize.LBFGS - Val and Grad Norm: 0.0923474 (rel: 0.00831) 0.00651478
Cost is 0.09164827521861003
[main] INFO breeze.optimize.LBFGS - Step Size: 1.000
[main] INFO breeze.optimize.LBFGS - Val and Grad Norm: 0.0916483 (rel: 0.00757) 0.0154965
Cost is 0.09065086992673851
[main] INFO breeze.optimize.LBFGS - Step Size: 1.000
[main] INFO breeze.optimize.LBFGS - Val and Grad Norm: 0.0906509 (rel: 0.0109) 0.00763428
Cost is 0.09000257351948271
[main] INFO breeze.optimize.LBFGS - Step Size: 1.000
[main] INFO breeze.optimize.LBFGS - Val and Grad Norm: 0.0900026 (rel: 0.00715) 0.00506061
Cost is 0.0895479522512769
[main] INFO breeze.optimize.LBFGS - Step Size: 1.000
[main] INFO breeze.optimize.LBFGS - Val and Grad Norm: 0.0895480 (rel: 0.00505) 0.00670699
Cost is 0.08899345888530412
[main] INFO breeze.optimize.LBFGS - Step Size: 1.000
[main] INFO breeze.optimize.LBFGS - Val and Grad Norm: 0.0889935 (rel: 0.00619) 0.00854300
Cost is 0.08840148364492754
[main] INFO breeze.optimize.LBFGS - Step Size: 1.000
[main] INFO breeze.optimize.LBFGS - Val and Grad Norm: 0.0884015 (rel: 0.00665) 0.00572695
Cost is 0.08752907411186427
[main] INFO breeze.optimize.LBFGS - Step Size: 1.000
[main] INFO breeze.optimize.LBFGS - Val and Grad Norm: 0.0875291 (rel: 0.00987) 0.00539310
Cost is 0.0870044169582502
[main] INFO breeze.optimize.LBFGS - Step Size: 1.000
[main] INFO breeze.optimize.LBFGS - Val and Grad Norm: 0.0870044 (rel: 0.00599) 0.0109169
Cost is 0.08636911716920055
[main] INFO breeze.optimize.LBFGS - Step Size: 1.000
[main] INFO breeze.optimize.LBFGS - Val and Grad Norm: 0.0863691 (rel: 0.00730) 0.00571658
Cost is 0.08586984212068914
[main] INFO breeze.optimize.LBFGS - Step Size: 1.000
[main] INFO breeze.optimize.LBFGS - Val and Grad Norm: 0.0858698 (rel: 0.00578) 0.00531045
Cost is 0.08531095989226295
[main] INFO breeze.optimize.LBFGS - Step Size: 1.000
[main] INFO breeze.optimize.LBFGS - Val and Grad Norm: 0.0853110 (rel: 0.00651) 0.00800100
Cost is 0.08468722523045173
[main] INFO breeze.optimize.LBFGS - Step Size: 1.000
[main] INFO breeze.optimize.LBFGS - Val and Grad Norm: 0.0846872 (rel: 0.00731) 0.00693528
Cost is 0.08388478943366252
[main] INFO breeze.optimize.LBFGS - Step Size: 1.000
[main] INFO breeze.optimize.LBFGS - Val and Grad Norm: 0.0838848 (rel: 0.00948) 0.00610172
Cost is 0.08288650251496796
[main] INFO breeze.optimize.LBFGS - Step Size: 1.000
[main] INFO breeze.optimize.LBFGS - Val and Grad Norm: 0.0828865 (rel: 0.0119) 0.0123256
Cost is 0.08185647641956648
[main] INFO breeze.optimize.LBFGS - Step Size: 1.000
[main] INFO breeze.optimize.LBFGS - Val and Grad Norm: 0.0818565 (rel: 0.0124) 0.00663599
Cost is 0.08126309429702158
[main] INFO breeze.optimize.LBFGS - Step Size: 1.000
[main] INFO breeze.optimize.LBFGS - Val and Grad Norm: 0.0812631 (rel: 0.00725) 0.00545393
Cost is 0.08013784796055756
[main] INFO breeze.optimize.LBFGS - Step Size: 1.000
[main] INFO breeze.optimize.LBFGS - Val and Grad Norm: 0.0801378 (rel: 0.0138) 0.00514846
Cost is 0.08049689204777709
Cost is 0.07969110257921302
[main] INFO breeze.optimize.StrongWolfeLineSearch - Line search t: 0.44192052813943117 fval: 0.07969110257921302 rhs: 0.08013776021729452 cdd: -2.2330292997896906E-6
[main] INFO breeze.optimize.LBFGS - Step Size: 0.4419
[main] INFO breeze.optimize.LBFGS - Val and Grad Norm: 0.0796911 (rel: 0.00557) 0.0100687
Cost is 0.07907167390889014
[main] INFO breeze.optimize.LBFGS - Step Size: 1.000
[main] INFO breeze.optimize.LBFGS - Val and Grad Norm: 0.0790717 (rel: 0.00777) 0.00634885
Cost is 0.0783195354777766
[main] INFO breeze.optimize.LBFGS - Step Size: 1.000
[main] INFO breeze.optimize.LBFGS - Val and Grad Norm: 0.0783195 (rel: 0.00951) 0.00530890
Cost is 0.07732246494257002
[main] INFO breeze.optimize.LBFGS - Step Size: 1.000
[main] INFO breeze.optimize.LBFGS - Val and Grad Norm: 0.0773225 (rel: 0.0127) 0.00886614
Cost is 0.07632290295809578
[main] INFO breeze.optimize.LBFGS - Step Size: 1.000
[main] INFO breeze.optimize.LBFGS - Val and Grad Norm: 0.0763229 (rel: 0.0129) 0.00890765
Cost is 0.07509685014030779
[main] INFO breeze.optimize.LBFGS - Step Size: 1.000
[main] INFO breeze.optimize.LBFGS - Val and Grad Norm: 0.0750969 (rel: 0.0161) 0.00933614
Cost is 0.07400425317118935
[main] INFO breeze.optimize.LBFGS - Step Size: 1.000
[main] INFO breeze.optimize.LBFGS - Val and Grad Norm: 0.0740043 (rel: 0.0145) 0.00900910
Cost is 0.07347656923526547
[main] INFO breeze.optimize.LBFGS - Step Size: 1.000
[main] INFO breeze.optimize.LBFGS - Val and Grad Norm: 0.0734766 (rel: 0.00713) 0.00598104
Cost is 0.07315157601951976
[main] INFO breeze.optimize.LBFGS - Step Size: 1.000
[main] INFO breeze.optimize.LBFGS - Val and Grad Norm: 0.0731516 (rel: 0.00442) 0.00550940
Cost is 0.07240637468351899
[main] INFO breeze.optimize.LBFGS - Step Size: 1.000
[main] INFO breeze.optimize.LBFGS - Val and Grad Norm: 0.0724064 (rel: 0.0102) 0.00632430
Cost is 0.07253532074497313
Cost is 0.07205233372598763
[main] INFO breeze.optimize.StrongWolfeLineSearch - Line search t: 0.4643097368372231 fval: 0.07205233372598763 rhs: 0.07240630273030346 cdd: 3.935464528547354E-6
[main] INFO breeze.optimize.LBFGS - Step Size: 0.4643
[main] INFO breeze.optimize.LBFGS - Val and Grad Norm: 0.0720523 (rel: 0.00489) 0.00852226
Cost is 0.0716732053050755
[main] INFO breeze.optimize.LBFGS - Step Size: 1.000
[main] INFO breeze.optimize.LBFGS - Val and Grad Norm: 0.0716732 (rel: 0.00526) 0.00567343
Cost is 0.07114300195694637
[main] INFO breeze.optimize.LBFGS - Step Size: 1.000
[main] INFO breeze.optimize.LBFGS - Val and Grad Norm: 0.0711430 (rel: 0.00740) 0.00436101
Cost is 0.0708208516447862
[main] INFO breeze.optimize.LBFGS - Step Size: 1.000
[main] INFO breeze.optimize.LBFGS - Val and Grad Norm: 0.0708209 (rel: 0.00453) 0.00475484
Cost is 0.07042541437833687
[main] INFO breeze.optimize.LBFGS - Step Size: 1.000
[main] INFO breeze.optimize.LBFGS - Val and Grad Norm: 0.0704254 (rel: 0.00558) 0.00663841
Cost is 0.07002424081548238
[main] INFO breeze.optimize.LBFGS - Step Size: 1.000
[main] INFO breeze.optimize.LBFGS - Val and Grad Norm: 0.0700242 (rel: 0.00570) 0.00423851
Cost is 0.06958308567609517
[main] INFO breeze.optimize.LBFGS - Step Size: 1.000
[main] INFO breeze.optimize.LBFGS - Val and Grad Norm: 0.0695831 (rel: 0.00630) 0.00416591
Cost is 0.06915844919696665
[main] INFO breeze.optimize.LBFGS - Step Size: 1.000
[main] INFO breeze.optimize.LBFGS - Val and Grad Norm: 0.0691584 (rel: 0.00610) 0.00471875
Cost is 0.06897766533572015
[main] INFO breeze.optimize.LBFGS - Step Size: 1.000
[main] INFO breeze.optimize.LBFGS - Val and Grad Norm: 0.0689777 (rel: 0.00261) 0.0113166
Cost is 0.06844586293416902
[main] INFO breeze.optimize.LBFGS - Step Size: 1.000
[main] INFO breeze.optimize.LBFGS - Val and Grad Norm: 0.0684459 (rel: 0.00771) 0.00385821
Cost is 0.06820972446218508
[main] INFO breeze.optimize.LBFGS - Step Size: 1.000
[main] INFO breeze.optimize.LBFGS - Val and Grad Norm: 0.0682097 (rel: 0.00345) 0.00307013
Cost is 0.06787396287566841
[main] INFO breeze.optimize.LBFGS - Step Size: 1.000
[main] INFO breeze.optimize.LBFGS - Val and Grad Norm: 0.0678740 (rel: 0.00492) 0.00450790
Cost is 0.0674484145657284
[main] INFO breeze.optimize.LBFGS - Step Size: 1.000
[main] INFO breeze.optimize.LBFGS - Val and Grad Norm: 0.0674484 (rel: 0.00627) 0.00751845
Cost is 0.06698833915307546
[main] INFO breeze.optimize.LBFGS - Step Size: 1.000
[main] INFO breeze.optimize.LBFGS - Val and Grad Norm: 0.0669883 (rel: 0.00682) 0.00516138
Cost is 0.06659126674802536
[main] INFO breeze.optimize.LBFGS - Step Size: 1.000
[main] INFO breeze.optimize.LBFGS - Val and Grad Norm: 0.0665913 (rel: 0.00593) 0.00372988
Cost is 0.0660301130650425
[main] INFO breeze.optimize.LBFGS - Step Size: 1.000
[main] INFO breeze.optimize.LBFGS - Val and Grad Norm: 0.0660301 (rel: 0.00843) 0.00419734
Cost is 0.06569383983226612
[main] INFO breeze.optimize.LBFGS - Step Size: 1.000
[main] INFO breeze.optimize.LBFGS - Val and Grad Norm: 0.0656938 (rel: 0.00509) 0.00753170
Cost is 0.06527083126240373
[main] INFO breeze.optimize.LBFGS - Step Size: 1.000
[main] INFO breeze.optimize.LBFGS - Val and Grad Norm: 0.0652708 (rel: 0.00644) 0.00411514
Cost is 0.06481628978969524
[main] INFO breeze.optimize.LBFGS - Step Size: 1.000
[main] INFO breeze.optimize.LBFGS - Val and Grad Norm: 0.0648163 (rel: 0.00696) 0.00383033
Cost is 0.06449463901834909
[main] INFO breeze.optimize.LBFGS - Step Size: 1.000
[main] INFO breeze.optimize.LBFGS - Val and Grad Norm: 0.0644946 (rel: 0.00496) 0.00452700
Cost is 0.06409038601362957
[main] INFO breeze.optimize.LBFGS - Step Size: 1.000
[main] INFO breeze.optimize.LBFGS - Val and Grad Norm: 0.0640904 (rel: 0.00627) 0.00556399
Cost is 0.06369639963705127
[main] INFO breeze.optimize.LBFGS - Step Size: 1.000
[main] INFO breeze.optimize.LBFGS - Val and Grad Norm: 0.0636964 (rel: 0.00615) 0.00423581
Cost is 0.06333333432044048
[main] INFO breeze.optimize.LBFGS - Step Size: 1.000
[main] INFO breeze.optimize.LBFGS - Val and Grad Norm: 0.0633333 (rel: 0.00570) 0.00402253
Cost is 0.0628181579654351
[main] INFO breeze.optimize.LBFGS - Step Size: 1.000
[main] INFO breeze.optimize.LBFGS - Val and Grad Norm: 0.0628182 (rel: 0.00813) 0.00398176
Cost is 0.06258574741490647
[main] INFO breeze.optimize.LBFGS - Step Size: 1.000
[main] INFO breeze.optimize.LBFGS - Val and Grad Norm: 0.0625857 (rel: 0.00370) 0.00824486
Cost is 0.062204050078722574
[main] INFO breeze.optimize.LBFGS - Step Size: 1.000
[main] INFO breeze.optimize.LBFGS - Val and Grad Norm: 0.0622041 (rel: 0.00610) 0.00395817
Cost is 0.061820687446762224
[main] INFO breeze.optimize.LBFGS - Step Size: 1.000
[main] INFO breeze.optimize.LBFGS - Val and Grad Norm: 0.0618207 (rel: 0.00616) 0.00315494
Cost is 0.06154487391625644
[main] INFO breeze.optimize.LBFGS - Step Size: 1.000
[main] INFO breeze.optimize.LBFGS - Val and Grad Norm: 0.0615449 (rel: 0.00446) 0.00348825
Cost is 0.06102876740131882
[main] INFO breeze.optimize.LBFGS - Step Size: 1.000
[main] INFO breeze.optimize.LBFGS - Val and Grad Norm: 0.0610288 (rel: 0.00839) 0.00727714
Cost is 0.06057295124083133
[main] INFO breeze.optimize.LBFGS - Step Size: 1.000
[main] INFO breeze.optimize.LBFGS - Val and Grad Norm: 0.0605730 (rel: 0.00747) 0.00625643
Cost is 0.060187110754181525
[main] INFO breeze.optimize.LBFGS - Step Size: 1.000
[main] INFO breeze.optimize.LBFGS - Val and Grad Norm: 0.0601871 (rel: 0.00637) 0.00340160
Cost is 0.05980355947170506
[main] INFO breeze.optimize.LBFGS - Step Size: 1.000
[main] INFO breeze.optimize.LBFGS - Val and Grad Norm: 0.0598036 (rel: 0.00637) 0.00370722
Cost is 0.05940537546958962
[main] INFO breeze.optimize.LBFGS - Step Size: 1.000
[main] INFO breeze.optimize.LBFGS - Val and Grad Norm: 0.0594054 (rel: 0.00666) 0.00336992
Cost is 0.05894668116285904
[main] INFO breeze.optimize.LBFGS - Step Size: 1.000
[main] INFO breeze.optimize.LBFGS - Val and Grad Norm: 0.0589467 (rel: 0.00772) 0.0105606
Cost is 0.058295454555406016
[main] INFO breeze.optimize.LBFGS - Step Size: 1.000
[main] INFO breeze.optimize.LBFGS - Val and Grad Norm: 0.0582955 (rel: 0.0110) 0.00375955
Cost is 0.05806985908722822
[main] INFO breeze.optimize.LBFGS - Step Size: 1.000
[main] INFO breeze.optimize.LBFGS - Val and Grad Norm: 0.0580699 (rel: 0.00387) 0.00334099
Cost is 0.05752739462301634
[main] INFO breeze.optimize.LBFGS - Step Size: 1.000
[main] INFO breeze.optimize.LBFGS - Val and Grad Norm: 0.0575274 (rel: 0.00934) 0.00428343
Cost is 0.057083628082338383
[main] INFO breeze.optimize.LBFGS - Step Size: 1.000
[main] INFO breeze.optimize.LBFGS - Val and Grad Norm: 0.0570836 (rel: 0.00771) 0.00856441
Cost is 0.05649086340279536
[main] INFO breeze.optimize.LBFGS - Step Size: 1.000
[main] INFO breeze.optimize.LBFGS - Val and Grad Norm: 0.0564909 (rel: 0.0104) 0.00397769
Cost is 0.05601217148558178
[main] INFO breeze.optimize.LBFGS - Step Size: 1.000
[main] INFO breeze.optimize.LBFGS - Val and Grad Norm: 0.0560122 (rel: 0.00847) 0.00338409
Cost is 0.055611065595966486
[main] INFO breeze.optimize.LBFGS - Step Size: 1.000
[main] INFO breeze.optimize.LBFGS - Val and Grad Norm: 0.0556111 (rel: 0.00716) 0.00464460
Cost is 0.0552934118709573
[main] INFO breeze.optimize.LBFGS - Step Size: 1.000
[main] INFO breeze.optimize.LBFGS - Val and Grad Norm: 0.0552934 (rel: 0.00571) 0.00933711
Cost is 0.05482123018530272
[main] INFO breeze.optimize.LBFGS - Step Size: 1.000
[main] INFO breeze.optimize.LBFGS - Val and Grad Norm: 0.0548212 (rel: 0.00854) 0.00403352
Cost is 0.05462004540598896
[main] INFO breeze.optimize.LBFGS - Step Size: 1.000
[main] INFO breeze.optimize.LBFGS - Val and Grad Norm: 0.0546200 (rel: 0.00367) 0.00332221
Cost is 0.05419139620000265
[main] INFO breeze.optimize.LBFGS - Step Size: 1.000
[main] INFO breeze.optimize.LBFGS - Val and Grad Norm: 0.0541914 (rel: 0.00785) 0.00339910
Cost is 0.053943883477611025
[main] INFO breeze.optimize.LBFGS - Step Size: 1.000
[main] INFO breeze.optimize.LBFGS - Val and Grad Norm: 0.0539439 (rel: 0.00457) 0.00975983
Cost is 0.05336634786030794
[main] INFO breeze.optimize.LBFGS - Step Size: 1.000
[main] INFO breeze.optimize.LBFGS - Val and Grad Norm: 0.0533663 (rel: 0.0107) 0.00344184
Cost is 0.053150840762402674
[main] INFO breeze.optimize.LBFGS - Step Size: 1.000
[main] INFO breeze.optimize.LBFGS - Val and Grad Norm: 0.0531508 (rel: 0.00404) 0.00269900
Cost is 0.05282238169336292
[main] INFO breeze.optimize.LBFGS - Step Size: 1.000
[main] INFO breeze.optimize.LBFGS - Val and Grad Norm: 0.0528224 (rel: 0.00618) 0.00327552
Cost is 0.052439725454247486
[main] INFO breeze.optimize.LBFGS - Step Size: 1.000
[main] INFO breeze.optimize.LBFGS - Val and Grad Norm: 0.0524397 (rel: 0.00724) 0.00696579
Cost is NaN
[main] ERROR breeze.optimize.StrongWolfeLineSearch - Encountered bad values in function evaluation. Decreasing step size to 0.5
Cost is 0.05212960943290636
[main] INFO breeze.optimize.LBFGS - Step Size: 0.5000
[main] INFO breeze.optimize.LBFGS - Val and Grad Norm: 0.0521296 (rel: 0.00591) 0.00445907
Cost is NaN
[main] ERROR breeze.optimize.StrongWolfeLineSearch - Encountered bad values in function evaluation. Decreasing step size to 0.5
Cost is 0.05189181530347652
[main] INFO breeze.optimize.LBFGS - Step Size: 0.5000
[main] INFO breeze.optimize.LBFGS - Val and Grad Norm: 0.0518918 (rel: 0.00456) 0.00316385
[main] INFO breeze.optimize.LBFGS - Converged because max iterations reached
17.382719319820772   -1.8479125047355374  -4.420234746172504   ... (26 total)
-7.322292943547609   -0.5541815753090725  10.85375263237071    ...
-8.973047794997857   -2.9826503573702543  -2.304321615550519   ...
-1.2912551378951875  -4.197862162901799   7.046793644802838    ...
-3.118901951414872   -2.056805128069895   12.21425785587016    ...
-7.241468309604536   -2.6305513508357623  -15.960862480526062  ...
1.505661541481141    -1.3303704901818756  2.158038455673729    ...
-11.623871360599987  -4.292406052600938   8.329954326099223    ...
-6.264062324307869   -6.812939638750338   4.433297495574014    ...
-12.518448975505953  -0.5938054434597264  5.887044243214429    ...